2025-08-10T01:21:16.854+03:00  WARN 19892 --- [clinic_system] [HikariPool-32:housekeeper] com.zaxxer.hikari.pool.HikariPool        : HikariPool-32 - Thread starvation or clock leap detected (housekeeper delta=1h57s159ms110µs100ns).
2025-08-10T01:49:03.608+03:00  WARN 19892 --- [clinic_system] [http-nio-8080-exec-7] .w.s.m.s.DefaultHandlerExceptionResolver : Resolved [org.springframework.web.HttpRequestMethodNotSupportedException: Request method 'GET' is not supported]
2025-08-10T03:30:27.294+03:00  WARN 19892 --- [clinic_system] [HikariPool-32:housekeeper] com.zaxxer.hikari.pool.HikariPool        : HikariPool-32 - Thread starvation or clock leap detected (housekeeper delta=33m39s428ms976µs400ns).
2025-08-10T03:33:42.418+03:00  INFO 19892 --- [clinic_system] [File Watcher] rtingClassPathChangeChangedEventListener : Restarting due to 25 class path changes (1 addition, 4 deletions, 20 modifications)
2025-08-10T03:33:42.446+03:00  INFO 19892 --- [clinic_system] [Thread-126] o.s.b.w.e.tomcat.GracefulShutdown        : Commencing graceful shutdown. Waiting for active requests to complete
2025-08-10T03:33:43.649+03:00  INFO 19892 --- [clinic_system] [tomcat-shutdown] o.s.b.w.e.tomcat.GracefulShutdown        : Graceful shutdown complete
2025-08-10T03:33:43.659+03:00  INFO 19892 --- [clinic_system] [Thread-126] j.LocalContainerEntityManagerFactoryBean : Closing JPA EntityManagerFactory for persistence unit 'default'
2025-08-10T03:33:43.667+03:00  INFO 19892 --- [clinic_system] [Thread-126] com.zaxxer.hikari.HikariDataSource       : HikariPool-32 - Shutdown initiated...
2025-08-10T03:33:43.693+03:00  INFO 19892 --- [clinic_system] [Thread-126] com.zaxxer.hikari.HikariDataSource       : HikariPool-32 - Shutdown completed.
2025-08-10T03:33:45.922+03:00  INFO 19892 --- [clinic_system] [restartedMain] c.example.demo.ClinicSystemApplication   : Starting ClinicSystemApplication using Java 17.0.8 with PID 19892 (F:\spring boot\clinic_system\target\classes started by ADMIN in F:\spring boot\clinic_system)
2025-08-10T03:33:45.922+03:00 DEBUG 19892 --- [clinic_system] [restartedMain] c.example.demo.ClinicSystemApplication   : Running with Spring Boot v3.5.4, Spring v6.2.9
2025-08-10T03:33:45.922+03:00  INFO 19892 --- [clinic_system] [restartedMain] c.example.demo.ClinicSystemApplication   : No active profile set, falling back to 1 default profile: "default"
2025-08-10T03:33:46.195+03:00  INFO 19892 --- [clinic_system] [restartedMain] .s.d.r.c.RepositoryConfigurationDelegate : Bootstrapping Spring Data JPA repositories in DEFAULT mode.
2025-08-10T03:33:46.209+03:00  INFO 19892 --- [clinic_system] [restartedMain] .s.d.r.c.RepositoryConfigurationDelegate : Finished Spring Data repository scanning in 12 ms. Found 2 JPA repository interfaces.
2025-08-10T03:33:46.302+03:00  INFO 19892 --- [clinic_system] [restartedMain] o.s.b.w.embedded.tomcat.TomcatWebServer  : Tomcat initialized with port 8080 (http)
2025-08-10T03:33:46.303+03:00  INFO 19892 --- [clinic_system] [restartedMain] o.apache.catalina.core.StandardService   : Starting service [Tomcat]
2025-08-10T03:33:46.303+03:00  INFO 19892 --- [clinic_system] [restartedMain] o.apache.catalina.core.StandardEngine    : Starting Servlet engine: [Apache Tomcat/10.1.43]
2025-08-10T03:33:46.341+03:00  INFO 19892 --- [clinic_system] [restartedMain] o.a.c.c.C.[Tomcat-2].[localhost].[/]     : Initializing Spring embedded WebApplicationContext
2025-08-10T03:33:46.341+03:00  INFO 19892 --- [clinic_system] [restartedMain] w.s.c.ServletWebServerApplicationContext : Root WebApplicationContext: initialization completed in 416 ms
2025-08-10T03:33:46.396+03:00  INFO 19892 --- [clinic_system] [restartedMain] o.hibernate.jpa.internal.util.LogHelper  : HHH000204: Processing PersistenceUnitInfo [name: default]
2025-08-10T03:33:46.399+03:00  INFO 19892 --- [clinic_system] [restartedMain] o.h.c.internal.RegionFactoryInitiator    : HHH000026: Second-level cache disabled
2025-08-10T03:33:46.406+03:00  INFO 19892 --- [clinic_system] [restartedMain] o.s.o.j.p.SpringPersistenceUnitInfo      : No LoadTimeWeaver setup: ignoring JPA class transformer
2025-08-10T03:33:46.407+03:00  INFO 19892 --- [clinic_system] [restartedMain] com.zaxxer.hikari.HikariDataSource       : HikariPool-33 - Starting...
2025-08-10T03:33:46.433+03:00  INFO 19892 --- [clinic_system] [restartedMain] com.zaxxer.hikari.pool.HikariPool        : HikariPool-33 - Added connection com.mysql.cj.jdbc.ConnectionImpl@52ede364
2025-08-10T03:33:46.433+03:00  INFO 19892 --- [clinic_system] [restartedMain] com.zaxxer.hikari.HikariDataSource       : HikariPool-33 - Start completed.
2025-08-10T03:33:46.434+03:00  WARN 19892 --- [clinic_system] [restartedMain] org.hibernate.orm.deprecation            : HHH90000025: MySQL8Dialect does not need to be specified explicitly using 'hibernate.dialect' (remove the property setting and it will be selected by default)
2025-08-10T03:33:46.434+03:00  WARN 19892 --- [clinic_system] [restartedMain] org.hibernate.orm.deprecation            : HHH90000026: MySQL8Dialect has been deprecated; use org.hibernate.dialect.MySQLDialect instead
2025-08-10T03:33:46.435+03:00  INFO 19892 --- [clinic_system] [restartedMain] org.hibernate.orm.connections.pooling    : HHH10001005: Database info:
	Database JDBC URL [Connecting through datasource 'HikariDataSource (HikariPool-33)']
	Database driver: undefined/unknown
	Database version: 8.0
	Autocommit mode: undefined/unknown
	Isolation level: undefined/unknown
	Minimum pool size: undefined/unknown
	Maximum pool size: undefined/unknown
2025-08-10T03:33:46.435+03:00 DEBUG 19892 --- [clinic_system] [restartedMain] o.h.t.d.sql.spi.DdlTypeRegistry          : addDescriptor(12, org.hibernate.type.descriptor.sql.internal.CapacityDependentDdlType@4f48477a) replaced previous registration(org.hibernate.type.descriptor.sql.internal.CapacityDependentDdlType@1dbf5a0a)
2025-08-10T03:33:46.435+03:00 DEBUG 19892 --- [clinic_system] [restartedMain] o.h.t.d.sql.spi.DdlTypeRegistry          : addDescriptor(-9, org.hibernate.type.descriptor.sql.internal.CapacityDependentDdlType@7d03d1ba) replaced previous registration(org.hibernate.type.descriptor.sql.internal.CapacityDependentDdlType@6ac4f8cb)
2025-08-10T03:33:46.435+03:00 DEBUG 19892 --- [clinic_system] [restartedMain] o.h.t.d.sql.spi.DdlTypeRegistry          : addDescriptor(-3, org.hibernate.type.descriptor.sql.internal.CapacityDependentDdlType@673a117e) replaced previous registration(org.hibernate.type.descriptor.sql.internal.CapacityDependentDdlType@b26899)
2025-08-10T03:33:46.435+03:00 DEBUG 19892 --- [clinic_system] [restartedMain] o.h.t.d.sql.spi.DdlTypeRegistry          : addDescriptor(4003, org.hibernate.type.descriptor.sql.internal.DdlTypeImpl@635fe734) replaced previous registration(org.hibernate.type.descriptor.sql.internal.DdlTypeImpl@2e104934)
2025-08-10T03:33:46.435+03:00 DEBUG 19892 --- [clinic_system] [restartedMain] o.h.t.d.sql.spi.DdlTypeRegistry          : addDescriptor(4001, org.hibernate.type.descriptor.sql.internal.DdlTypeImpl@19961c69) replaced previous registration(org.hibernate.type.descriptor.sql.internal.DdlTypeImpl@af34962)
2025-08-10T03:33:46.435+03:00 DEBUG 19892 --- [clinic_system] [restartedMain] o.h.t.d.sql.spi.DdlTypeRegistry          : addDescriptor(4002, org.hibernate.type.descriptor.sql.internal.DdlTypeImpl@1609794f) replaced previous registration(org.hibernate.type.descriptor.sql.internal.DdlTypeImpl@3afccb53)
2025-08-10T03:33:46.435+03:00 DEBUG 19892 --- [clinic_system] [restartedMain] o.h.t.d.sql.spi.DdlTypeRegistry          : addDescriptor(2004, org.hibernate.type.descriptor.sql.internal.CapacityDependentDdlType@1320fd31) replaced previous registration(org.hibernate.type.descriptor.sql.internal.DdlTypeImpl@3881e6e)
2025-08-10T03:33:46.435+03:00 DEBUG 19892 --- [clinic_system] [restartedMain] o.h.t.d.sql.spi.DdlTypeRegistry          : addDescriptor(2005, org.hibernate.type.descriptor.sql.internal.CapacityDependentDdlType@5e16dc51) replaced previous registration(org.hibernate.type.descriptor.sql.internal.DdlTypeImpl@2ec2293)
2025-08-10T03:33:46.436+03:00 DEBUG 19892 --- [clinic_system] [restartedMain] o.h.t.d.sql.spi.DdlTypeRegistry          : addDescriptor(2011, org.hibernate.type.descriptor.sql.internal.CapacityDependentDdlType@16319e8a) replaced previous registration(org.hibernate.type.descriptor.sql.internal.DdlTypeImpl@5509894c)
2025-08-10T03:33:46.481+03:00  INFO 19892 --- [clinic_system] [restartedMain] o.h.e.t.j.p.i.JtaPlatformInitiator       : HHH000489: No JTA platform available (set 'hibernate.transaction.jta.platform' to enable JTA platform integration)
2025-08-10T03:33:46.537+03:00  INFO 19892 --- [clinic_system] [restartedMain] j.LocalContainerEntityManagerFactoryBean : Initialized JPA EntityManagerFactory for persistence unit 'default'
2025-08-10T03:33:46.644+03:00  WARN 19892 --- [clinic_system] [restartedMain] JpaBaseConfiguration$JpaWebConfiguration : spring.jpa.open-in-view is enabled by default. Therefore, database queries may be performed during view rendering. Explicitly configure spring.jpa.open-in-view to disable this warning
2025-08-10T03:33:47.309+03:00  INFO 19892 --- [clinic_system] [restartedMain] o.s.b.d.a.OptionalLiveReloadServer       : LiveReload server is running on port 35729
2025-08-10T03:33:47.334+03:00  INFO 19892 --- [clinic_system] [restartedMain] o.s.b.w.embedded.tomcat.TomcatWebServer  : Tomcat started on port 8080 (http) with context path '/'
2025-08-10T03:33:47.339+03:00  INFO 19892 --- [clinic_system] [restartedMain] c.example.demo.ClinicSystemApplication   : Started ClinicSystemApplication in 1.471 seconds (process running for 17046.735)
2025-08-10T03:33:47.340+03:00  INFO 19892 --- [clinic_system] [restartedMain] .ConditionEvaluationDeltaLoggingListener : Condition evaluation unchanged
2025-08-10T03:33:49.778+03:00  INFO 19892 --- [clinic_system] [RMI TCP Connection(198)-127.0.0.1] inMXBeanRegistrar$SpringApplicationAdmin : Application shutdown requested.
2025-08-10T03:33:49.779+03:00  INFO 19892 --- [clinic_system] [RMI TCP Connection(198)-127.0.0.1] o.s.b.w.e.tomcat.GracefulShutdown        : Commencing graceful shutdown. Waiting for active requests to complete
2025-08-10T03:33:50.773+03:00  INFO 19892 --- [clinic_system] [tomcat-shutdown] o.s.b.w.e.tomcat.GracefulShutdown        : Graceful shutdown complete
2025-08-10T03:33:50.775+03:00  INFO 19892 --- [clinic_system] [RMI TCP Connection(198)-127.0.0.1] j.LocalContainerEntityManagerFactoryBean : Closing JPA EntityManagerFactory for persistence unit 'default'
2025-08-10T03:33:50.776+03:00  INFO 19892 --- [clinic_system] [RMI TCP Connection(198)-127.0.0.1] com.zaxxer.hikari.HikariDataSource       : HikariPool-33 - Shutdown initiated...
2025-08-10T03:33:50.780+03:00  INFO 19892 --- [clinic_system] [RMI TCP Connection(198)-127.0.0.1] com.zaxxer.hikari.HikariDataSource       : HikariPool-33 - Shutdown completed.
